Traceback (most recent call last):
  File "/opt/bwhpc/common/devel/miniforge/24.11.0-py3.12/condabin/conda", line 12, in <module>
    from conda.cli import main
ModuleNotFoundError: No module named 'conda'
Lmod has detected the following error: The following module(s) are unknown:
"compiler/gnu/13.3"

Please check the spelling or version number. Also try "module spider ..."
It is also possible your cache file is out-of-date; it may help to try:
  $ module --ignore_cache load "compiler/gnu/13.3"

Also make sure that all modulefiles written in TCL start with the string
#%Module



/var/spool/slurmd/job141158/slurm_script: line 14: conda: command not found
Running on uc3n082.localdomain
Date: Sun May  4 05:13:55 PM CEST 2025
Python version: Python 3.9.18
/var/spool/slurmd/job141158/slurm_script: line 19: conda: command not found
Environment: 
Lmod has detected the following error: The following module(s) are unknown:
"devel/cuda/12.4"

Please check the spelling or version number. Also try "module spider ..."
It is also possible your cache file is out-of-date; it may help to try:
  $ module --ignore_cache load "devel/cuda/12.4"

Also make sure that all modulefiles written in TCL start with the string
#%Module



Traceback (most recent call last):
  File "/home/ma/ma_ma/ma_tofuchs/Graph-WaveNet-Mannheim/train.py", line 1, in <module>
    import torch
ModuleNotFoundError: No module named 'torch'

============================= JOB FEEDBACK =============================

NodeName=uc3n082
Job ID: 141158
Cluster: uc3
User/Group: ma_tofuchs/ma_ma
State: FAILED (exit code 1)
Nodes: 1
Cores per node: 16
CPU Utilized: 00:00:02
CPU Efficiency: 0.54% of 00:06:08 core-walltime
Job Wall-clock time: 00:00:23
Memory Utilized: 10.28 MB
Memory Efficiency: 0.10% of 9.77 GB (9.77 GB/node)
